<?xml version="1.0" encoding="UTF-8"?>
<!-- Generated by org.testng.reporters.JUnitReportReporter -->
<testsuite hostname="KUNAL" failures="0" tests="1" name="TESTCASES.VerifyLogin" time="8.020" errors="0" timestamp="2023-05-02T00:06:29 IST" skipped="0">
  <testcase classname="TESTCASES.VerifyLogin" name="login" time="8.020"/>
  <system-out/>
</testsuite> <!-- TESTCASES.VerifyLogin -->
