<?xml version="1.0" encoding="UTF-8"?>
<!-- Generated by org.testng.reporters.JUnitReportReporter -->
<testsuite hostname="KUNAL" failures="0" tests="1" name="TESTCASES.OpenUrl" time="9.400" errors="0" timestamp="2023-04-25T14:23:38 IST" skipped="0">
  <testcase classname="TESTCASES.OpenUrl" name="url" time="9.400"/>
  <system-out/>
</testsuite> <!-- TESTCASES.OpenUrl -->
